Determining if the pthread_create exist failed with the following output:
Change Dir: /home/criss/turorial/protobuf/cmake_version/build/CMakeFiles/CMakeTmp

Run Build Command:"/usr/bin/make" "cmTC_6bb3f/fast"
/usr/bin/make -f CMakeFiles/cmTC_6bb3f.dir/build.make CMakeFiles/cmTC_6bb3f.dir/build
make[1]: Entering directory `/home/criss/turorial/protobuf/cmake_version/build/CMakeFiles/CMakeTmp'
Building C object CMakeFiles/cmTC_6bb3f.dir/CheckSymbolExists.c.o
/usr/bin/gcc-4.9     -o CMakeFiles/cmTC_6bb3f.dir/CheckSymbolExists.c.o   -c /home/criss/turorial/protobuf/cmake_version/build/CMakeFiles/CMakeTmp/CheckSymbolExists.c
Linking C executable cmTC_6bb3f
/home/criss/tools/cmake-3.5.2-Linux-x86_64/bin/cmake -E cmake_link_script CMakeFiles/cmTC_6bb3f.dir/link.txt --verbose=1
/usr/bin/gcc-4.9       CMakeFiles/cmTC_6bb3f.dir/CheckSymbolExists.c.o  -o cmTC_6bb3f -rdynamic 
CMakeFiles/cmTC_6bb3f.dir/CheckSymbolExists.c.o: In function `main':
CheckSymbolExists.c:(.text+0x16): undefined reference to `pthread_create'
collect2: error: ld returned 1 exit status
make[1]: *** [cmTC_6bb3f] Error 1
make[1]: Leaving directory `/home/criss/turorial/protobuf/cmake_version/build/CMakeFiles/CMakeTmp'
make: *** [cmTC_6bb3f/fast] Error 2

File /home/criss/turorial/protobuf/cmake_version/build/CMakeFiles/CMakeTmp/CheckSymbolExists.c:
/* */
#include <pthread.h>

int main(int argc, char** argv)
{
  (void)argv;
#ifndef pthread_create
  return ((int*)(&pthread_create))[argc];
#else
  (void)argc;
  return 0;
#endif
}

Determining if the function pthread_create exists in the pthreads failed with the following output:
Change Dir: /home/criss/turorial/protobuf/cmake_version/build/CMakeFiles/CMakeTmp

Run Build Command:"/usr/bin/make" "cmTC_ee11c/fast"
/usr/bin/make -f CMakeFiles/cmTC_ee11c.dir/build.make CMakeFiles/cmTC_ee11c.dir/build
make[1]: Entering directory `/home/criss/turorial/protobuf/cmake_version/build/CMakeFiles/CMakeTmp'
Building C object CMakeFiles/cmTC_ee11c.dir/CheckFunctionExists.c.o
/usr/bin/gcc-4.9    -DCHECK_FUNCTION_EXISTS=pthread_create   -o CMakeFiles/cmTC_ee11c.dir/CheckFunctionExists.c.o   -c /home/criss/tools/cmake-3.5.2-Linux-x86_64/share/cmake-3.5/Modules/CheckFunctionExists.c
Linking C executable cmTC_ee11c
/home/criss/tools/cmake-3.5.2-Linux-x86_64/bin/cmake -E cmake_link_script CMakeFiles/cmTC_ee11c.dir/link.txt --verbose=1
/usr/bin/gcc-4.9   -DCHECK_FUNCTION_EXISTS=pthread_create    CMakeFiles/cmTC_ee11c.dir/CheckFunctionExists.c.o  -o cmTC_ee11c -rdynamic -lpthreads 
/usr/bin/ld: cannot find -lpthreads
collect2: error: ld returned 1 exit status
make[1]: *** [cmTC_ee11c] Error 1
make[1]: Leaving directory `/home/criss/turorial/protobuf/cmake_version/build/CMakeFiles/CMakeTmp'
make: *** [cmTC_ee11c/fast] Error 2


